0 info it worked if it ends with ok
1 verbose cli [ 'C:\\Program Files\\nodejs\\node.exe',
1 verbose cli   'C:\\Program Files\\nodejs\\node_modules\\npm\\bin\\npm-cli.js',
1 verbose cli   'run',
1 verbose cli   'dev' ]
2 info using npm@3.10.9
3 info using node@v6.9.2
4 verbose run-script [ 'predev', 'dev', 'postdev' ]
5 info lifecycle react-tutorials@0.0.0~predev: react-tutorials@0.0.0
6 silly lifecycle react-tutorials@0.0.0~predev: no script for predev, continuing
7 info lifecycle react-tutorials@0.0.0~dev: react-tutorials@0.0.0
8 verbose lifecycle react-tutorials@0.0.0~dev: unsafe-perm in lifecycle true
9 verbose lifecycle react-tutorials@0.0.0~dev: PATH: C:\Program Files\nodejs\node_modules\npm\bin\node-gyp-bin;C:\Users\omar\Desktop\Alligator-Frontend\node_modules\.bin;C:\ProgramData\Oracle\Java\javapath;c:\Program Files\swipl\bin;C:\Program Files\Java\jre1.8.0_66\bin;C:\Program Files\Git\bin\git.exe;C:\Program Files\Git\cmd;C:\Users\omar\Desktop\apache-ant-1.9.7-bin\apache-ant-1.9.7\bin.;C:\Program Files\Lenovo\Bluetooth Software\;C:\Program Files\Lenovo\Bluetooth Software\syswow64;C:\xampp\php;C:\ProgramData\ComposerSetup\bin;C:\Program Files (x86)\sbt\\bin;C:\Users\omar\Desktop\activator-dist-1.3.10\bin;C:\WINDOWS\system32;C:\Users\omar\Desktop\apache-maven-3.3.9-bin_2\apache-maven-3.3.9\bin;C:\Users\omar\AppData\Local\Programs\Python\Python35-32;C:\Program Files (x86)\Skype\Phone\;C:\Program Files\nodejs\;C:\Program Files\swipl\bin;C:\Users\omar\AppData\Roaming\Composer\vendor\bin;C:\Users\omar\Desktop\apache-maven-3.3.9-bin_2\apache-maven-3.3.9\bin;C:\Users\omar\AppData\Local\Programs\Python\Python35-32;C:\Users\omar\Desktop\apache-jena-3.1.1\apache-jena-3.1.1\bin;C:\Users\omar\AppData\Roaming\npm
10 verbose lifecycle react-tutorials@0.0.0~dev: CWD: C:\Users\omar\Desktop\Alligator-Frontend
11 silly lifecycle react-tutorials@0.0.0~dev: Args: [ '/d /s /c',
11 silly lifecycle   'webpack-dev-server --content-base src --inline --hot' ]
12 silly lifecycle react-tutorials@0.0.0~dev: Returned: code: 1  signal: null
13 info lifecycle react-tutorials@0.0.0~dev: Failed to exec dev script
14 verbose stack Error: react-tutorials@0.0.0 dev: `webpack-dev-server --content-base src --inline --hot`
14 verbose stack Exit status 1
14 verbose stack     at EventEmitter.<anonymous> (C:\Program Files\nodejs\node_modules\npm\lib\utils\lifecycle.js:255:16)
14 verbose stack     at emitTwo (events.js:106:13)
14 verbose stack     at EventEmitter.emit (events.js:191:7)
14 verbose stack     at ChildProcess.<anonymous> (C:\Program Files\nodejs\node_modules\npm\lib\utils\spawn.js:40:14)
14 verbose stack     at emitTwo (events.js:106:13)
14 verbose stack     at ChildProcess.emit (events.js:191:7)
14 verbose stack     at maybeClose (internal/child_process.js:877:16)
14 verbose stack     at Process.ChildProcess._handle.onexit (internal/child_process.js:226:5)
15 verbose pkgid react-tutorials@0.0.0
16 verbose cwd C:\Users\omar\Desktop\Alligator-Frontend
17 error Windows_NT 6.1.7601
18 error argv "C:\\Program Files\\nodejs\\node.exe" "C:\\Program Files\\nodejs\\node_modules\\npm\\bin\\npm-cli.js" "run" "dev"
19 error node v6.9.2
20 error npm  v3.10.9
21 error code ELIFECYCLE
22 error react-tutorials@0.0.0 dev: `webpack-dev-server --content-base src --inline --hot`
22 error Exit status 1
23 error Failed at the react-tutorials@0.0.0 dev script 'webpack-dev-server --content-base src --inline --hot'.
23 error Make sure you have the latest version of node.js and npm installed.
23 error If you do, this is most likely a problem with the react-tutorials package,
23 error not with npm itself.
23 error Tell the author that this fails on your system:
23 error     webpack-dev-server --content-base src --inline --hot
23 error You can get information on how to open an issue for this project with:
23 error     npm bugs react-tutorials
23 error Or if that isn't available, you can get their info via:
23 error     npm owner ls react-tutorials
23 error There is likely additional logging output above.
24 verbose exit [ 1, true ]
